
ROM used:   4758/22528 (21%)
            4758/22528 (21%) including unused fragments

            1.4 Average locations per line
            4.5 Average locations per statement

RAM used:   1423/2048 (69%) at main() level
            1630/2048 (80%) worst case

Stack used: 96 worst case (46 in main + 50 for interrupts)
Stack size: 128

Lines Stmts  %   Files
----- ----- ---  -----
  335   139  13  20242422 1721 dspic202_timer1.c
  844     0   0  ..\..\..\..\Program Files (x86)\PICC\Devices\33FJ32MC202.h
 2228   925  87  ..\..\..\..\Program Files (x86)\PICC\Drivers\math.h
----- -----
 3407  1064 Total

Page ROM  %  RAM    Vol Diff  Functions:
---- --- --- ---    --- ----  ----------
0    132   1    0             @FLT64
0     94   1    0             @F64TOI64
0    106   1    1             @I64TOF64
0    272   3    1             @MULFF64
0     94   1    1             @F64TOSI64
0    106   1    0             @SI64TOF64
0    494   5   51             @ADDFF64
0    264   3   51             @DIVFF64
0    680   7  114   1209  9.7  cos
0     60   1    9     39  1.8  sin
0     32   0    0      5  1.0  RDA_isr
0     32   0    0      5  1.0  TBE_isr
0     32   0    0      6  1.0  UART1E_isr
0     32   0    0      5  1.0  EXT0_isr
0     50   1    0    112  3.3  PWM1_isr
0    532   6    2   1908  8.9  timer1_isr
0     66   1    1             @MULS3232
0    472   5    0   1364  7.3  MAIN
0     88   1    0   1224  3.9  initMCPWM
0    200   2    0    175  4.2  fill_sine_table
0    208   2   10    258  4.4  timer_reload
0    200   2    6    482  5.8  voltage_gain
 Inline         0             @cinit1

Program metrics:
    Functions               13
    Statements              1064
    Comments                516
    Volume (V)              9825
    Difficulty (D)          53.6
    Effort to implement (E) 526710
    Time to implement (T)   8 hours, 8 minutes
    Est Delivered Bugs (B)  2
    Cyclomatic Complexity   21
    Maintainability (MI)    48

 Segment     Used  Free
-----------  ----  ----
00000-00002     4  0  
00004-001FE   508  0  
00200-057FE  4246  17770  



